# JRE version: OpenJDK Runtime Environment Temurin-21.0.8+9 (21.0.8+9) (build 21.0.8+9-LTS)
# Java VM: OpenJDK 64-Bit Server VM Temurin-21.0.8+9 (21.0.8+9-LTS, mixed mode, sharing, tiered, compressed oops, compressed class ptrs, parallel gc, windows-amd64)
GC Precious Log:
 CardTable entry size: 512
 CPUs: 12 total, 12 available
 Memory: 7520M
 Large Page Support: Disabled
 NUMA Support: Disabled
 Compressed Oops: Enabled (32-bit)
 Alignments: Space 512K, Generation 512K, Heap 2M
 Heap Min Capacity: 100M
 Heap Initial Capacity: 100M
 Heap Max Capacity: 2G
 Pre-touch: Disabled
 Parallel Workers: 10
Heap:
 PSYoungGen      total 6144K, used 5703K [0x00000000d5580000, 0x00000000d6100000, 0x0000000100000000)
  eden space 5120K, 99% used [0x00000000d5580000,0x00000000d5a75ec8,0x00000000d5a80000)
  from space 1024K, 60% used [0x00000000d6000000,0x00000000d609c010,0x00000000d6100000)
  to   space 1536K, 0% used [0x00000000d5e00000,0x00000000d5e00000,0x00000000d5f80000)
 ParOldGen       total 194560K, used 194364K [0x0000000080000000, 0x000000008be00000, 0x00000000d5580000)
  object space 194560K, 99% used [0x0000000080000000,0x000000008bdcf270,0x000000008be00000)
 Metaspace       used 70525K, committed 72192K, reserved 1114112K
  class space    used 7358K, committed 8128K, reserved 1048576K
GC Heap History (20 events):
Event: 69.727 GC heap before
{Heap before GC invocations=116 (full 3):
 PSYoungGen      total 13312K, used 13140K [0x00000000d5580000, 0x00000000d6480000, 0x0000000100000000)
  eden space 12800K, 100% used [0x00000000d5580000,0x00000000d6200000,0x00000000d6200000)
  from space 512K, 66% used [0x00000000d6400000,0x00000000d6455200,0x00000000d6480000)
  to   space 1024K, 0% used [0x00000000d6280000,0x00000000d6280000,0x00000000d6380000)
 ParOldGen       total 182272K, used 182100K [0x0000000080000000, 0x000000008b200000, 0x00000000d5580000)
  object space 182272K, 99% used [0x0000000080000000,0x000000008b1d50c8,0x000000008b200000)
 Metaspace       used 68981K, committed 70592K, reserved 1114112K
  class space    used 7251K, committed 7936K, reserved 1048576K
}
Event: 69.729 GC heap after
{Heap after GC invocations=116 (full 3):
 PSYoungGen      total 13824K, used 544K [0x00000000d5580000, 0x00000000d6480000, 0x0000000100000000)
  eden space 12800K, 0% used [0x00000000d5580000,0x00000000d5580000,0x00000000d6200000)
  from space 1024K, 53% used [0x00000000d6280000,0x00000000d6308000,0x00000000d6380000)
  to   space 1024K, 0% used [0x00000000d6380000,0x00000000d6380000,0x00000000d6480000)
 ParOldGen       total 182272K, used 182220K [0x0000000080000000, 0x000000008b200000, 0x00000000d5580000)
  object space 182272K, 99% used [0x0000000080000000,0x000000008b1f30c8,0x000000008b200000)
 Metaspace       used 68981K, committed 70592K, reserved 1114112K
  class space    used 7251K, committed 7936K, reserved 1048576K
}
Event: 69.900 GC heap before
{Heap before GC invocations=117 (full 3):
 PSYoungGen      total 13824K, used 13344K [0x00000000d5580000, 0x00000000d6480000, 0x0000000100000000)
  eden space 12800K, 100% used [0x00000000d5580000,0x00000000d6200000,0x00000000d6200000)
  from space 1024K, 53% used [0x00000000d6280000,0x00000000d6308000,0x00000000d6380000)
  to   space 1024K, 0% used [0x00000000d6380000,0x00000000d6380000,0x00000000d6480000)
 ParOldGen       total 182272K, used 182220K [0x0000000080000000, 0x000000008b200000, 0x00000000d5580000)
  object space 182272K, 99% used [0x0000000080000000,0x000000008b1f30c8,0x000000008b200000)
 Metaspace       used 69103K, committed 70720K, reserved 1114112K
  class space    used 7259K, committed 8000K, reserved 1048576K
}
Event: 69.902 GC heap after
{Heap after GC invocations=117 (full 3):
 PSYoungGen      total 13824K, used 568K [0x00000000d5580000, 0x00000000d6480000, 0x0000000100000000)
  eden space 12800K, 0% used [0x00000000d5580000,0x00000000d5580000,0x00000000d6200000)
  from space 1024K, 55% used [0x00000000d6380000,0x00000000d640e110,0x00000000d6480000)
  to   space 1024K, 0% used [0x00000000d6280000,0x00000000d6280000,0x00000000d6380000)
 ParOldGen       total 182784K, used 182484K [0x0000000080000000, 0x000000008b280000, 0x00000000d5580000)
  object space 182784K, 99% used [0x0000000080000000,0x000000008b235148,0x000000008b280000)
 Metaspace       used 69103K, committed 70720K, reserved 1114112K
  class space    used 7259K, committed 8000K, reserved 1048576K
}
Event: 74.843 GC heap before
{Heap before GC invocations=118 (full 3):
 PSYoungGen      total 13824K, used 13368K [0x00000000d5580000, 0x00000000d6480000, 0x0000000100000000)
  eden space 12800K, 100% used [0x00000000d5580000,0x00000000d6200000,0x00000000d6200000)
  from space 1024K, 55% used [0x00000000d6380000,0x00000000d640e110,0x00000000d6480000)
  to   space 1024K, 0% used [0x00000000d6280000,0x00000000d6280000,0x00000000d6380000)
 ParOldGen       total 182784K, used 182484K [0x0000000080000000, 0x000000008b280000, 0x00000000d5580000)
  object space 182784K, 99% used [0x0000000080000000,0x000000008b235148,0x000000008b280000)
 Metaspace       used 69267K, committed 70912K, reserved 1114112K
  class space    used 7267K, committed 8000K, reserved 1048576K
}
Event: 74.845 GC heap after
{Heap after GC invocations=118 (full 3):
 PSYoungGen      total 13824K, used 996K [0x00000000d5580000, 0x00000000d6500000, 0x0000000100000000)
  eden space 12800K, 0% used [0x00000000d5580000,0x00000000d5580000,0x00000000d6200000)
  from space 1024K, 97% used [0x00000000d6280000,0x00000000d6379230,0x00000000d6380000)
  to   space 1536K, 0% used [0x00000000d6380000,0x00000000d6380000,0x00000000d6500000)
 ParOldGen       total 182784K, used 182747K [0x0000000080000000, 0x000000008b280000, 0x00000000d5580000)
  object space 182784K, 99% used [0x0000000080000000,0x000000008b276d48,0x000000008b280000)
 Metaspace       used 69267K, committed 70912K, reserved 1114112K
  class space    used 7267K, committed 8000K, reserved 1048576K
}
Event: 75.039 GC heap before
{Heap before GC invocations=119 (full 3):
 PSYoungGen      total 13824K, used 13796K [0x00000000d5580000, 0x00000000d6500000, 0x0000000100000000)
  eden space 12800K, 100% used [0x00000000d5580000,0x00000000d6200000,0x00000000d6200000)
  from space 1024K, 97% used [0x00000000d6280000,0x00000000d6379230,0x00000000d6380000)
  to   space 1536K, 0% used [0x00000000d6380000,0x00000000d6380000,0x00000000d6500000)
 ParOldGen       total 182784K, used 182747K [0x0000000080000000, 0x000000008b280000, 0x00000000d5580000)
  object space 182784K, 99% used [0x0000000080000000,0x000000008b276d48,0x000000008b280000)
 Metaspace       used 69392K, committed 71040K, reserved 1114112K
  class space    used 7268K, committed 8000K, reserved 1048576K
}
Event: 75.042 GC heap after
{Heap after GC invocations=119 (full 3):
 PSYoungGen      total 14336K, used 1396K [0x00000000d5580000, 0x00000000d6500000, 0x0000000100000000)
  eden space 12800K, 0% used [0x00000000d5580000,0x00000000d5580000,0x00000000d6200000)
  from space 1536K, 90% used [0x00000000d6380000,0x00000000d64dd220,0x00000000d6500000)
  to   space 1536K, 0% used [0x00000000d6200000,0x00000000d6200000,0x00000000d6380000)
 ParOldGen       total 183808K, used 183635K [0x0000000080000000, 0x000000008b380000, 0x00000000d5580000)
  object space 183808K, 99% used [0x0000000080000000,0x000000008b354e98,0x000000008b380000)
 Metaspace       used 69392K, committed 71040K, reserved 1114112K
  class space    used 7268K, committed 8000K, reserved 1048576K
}
Event: 113.216 GC heap before
{Heap before GC invocations=120 (full 3):
 PSYoungGen      total 14336K, used 14196K [0x00000000d5580000, 0x00000000d6500000, 0x0000000100000000)
  eden space 12800K, 100% used [0x00000000d5580000,0x00000000d6200000,0x00000000d6200000)
  from space 1536K, 90% used [0x00000000d6380000,0x00000000d64dd220,0x00000000d6500000)
  to   space 1536K, 0% used [0x00000000d6200000,0x00000000d6200000,0x00000000d6380000)
 ParOldGen       total 183808K, used 183635K [0x0000000080000000, 0x000000008b380000, 0x00000000d5580000)
  object space 183808K, 99% used [0x0000000080000000,0x000000008b354e98,0x000000008b380000)
 Metaspace       used 69671K, committed 71296K, reserved 1114112K
  class space    used 7276K, committed 8000K, reserved 1048576K
}
Event: 113.221 GC heap after
{Heap after GC invocations=120 (full 3):
 PSYoungGen      total 14336K, used 1199K [0x00000000d5580000, 0x00000000d6500000, 0x0000000100000000)
  eden space 12800K, 0% used [0x00000000d5580000,0x00000000d5580000,0x00000000d6200000)
  from space 1536K, 78% used [0x00000000d6200000,0x00000000d632bf60,0x00000000d6380000)
  to   space 1536K, 0% used [0x00000000d6380000,0x00000000d6380000,0x00000000d6500000)
 ParOldGen       total 185344K, used 184927K [0x0000000080000000, 0x000000008b500000, 0x00000000d5580000)
  object space 185344K, 99% used [0x0000000080000000,0x000000008b497f40,0x000000008b500000)
 Metaspace       used 69671K, committed 71296K, reserved 1114112K
  class space    used 7276K, committed 8000K, reserved 1048576K
}
Event: 113.371 GC heap before
{Heap before GC invocations=121 (full 3):
 PSYoungGen      total 14336K, used 13999K [0x00000000d5580000, 0x00000000d6500000, 0x0000000100000000)
  eden space 12800K, 100% used [0x00000000d5580000,0x00000000d6200000,0x00000000d6200000)
  from space 1536K, 78% used [0x00000000d6200000,0x00000000d632bf60,0x00000000d6380000)
  to   space 1536K, 0% used [0x00000000d6380000,0x00000000d6380000,0x00000000d6500000)
 ParOldGen       total 185344K, used 184927K [0x0000000080000000, 0x000000008b500000, 0x00000000d5580000)
  object space 185344K, 99% used [0x0000000080000000,0x000000008b497f40,0x000000008b500000)
 Metaspace       used 69753K, committed 71424K, reserved 1114112K
  class space    used 7281K, committed 8000K, reserved 1048576K
}
Event: 113.374 GC heap after
{Heap after GC invocations=121 (full 3):
 PSYoungGen      total 14336K, used 1348K [0x00000000d5580000, 0x00000000d6500000, 0x0000000100000000)
  eden space 12800K, 0% used [0x00000000d5580000,0x00000000d5580000,0x00000000d6200000)
  from space 1536K, 87% used [0x00000000d6380000,0x00000000d64d1210,0x00000000d6500000)
  to   space 1536K, 0% used [0x00000000d6200000,0x00000000d6200000,0x00000000d6380000)
 ParOldGen       total 186368K, used 185887K [0x0000000080000000, 0x000000008b600000, 0x00000000d5580000)
  object space 186368K, 99% used [0x0000000080000000,0x000000008b587e80,0x000000008b600000)
 Metaspace       used 69753K, committed 71424K, reserved 1114112K
  class space    used 7281K, committed 8000K, reserved 1048576K
}
Event: 2826.481 GC heap before
{Heap before GC invocations=122 (full 3):
 PSYoungGen      total 14336K, used 14148K [0x00000000d5580000, 0x00000000d6500000, 0x0000000100000000)
  eden space 12800K, 100% used [0x00000000d5580000,0x00000000d6200000,0x00000000d6200000)
  from space 1536K, 87% used [0x00000000d6380000,0x00000000d64d1210,0x00000000d6500000)
  to   space 1536K, 0% used [0x00000000d6200000,0x00000000d6200000,0x00000000d6380000)
 ParOldGen       total 186368K, used 185887K [0x0000000080000000, 0x000000008b600000, 0x00000000d5580000)
  object space 186368K, 99% used [0x0000000080000000,0x000000008b587e80,0x000000008b600000)
 Metaspace       used 70343K, committed 72000K, reserved 1114112K
  class space    used 7356K, committed 8064K, reserved 1048576K
}
Event: 2826.550 GC heap after
{Heap after GC invocations=122 (full 3):
 PSYoungGen      total 13824K, used 756K [0x00000000d5580000, 0x00000000d6400000, 0x0000000100000000)
  eden space 12800K, 0% used [0x00000000d5580000,0x00000000d5580000,0x00000000d6200000)
  from space 1024K, 73% used [0x00000000d6200000,0x00000000d62bd220,0x00000000d6300000)
  to   space 1024K, 0% used [0x00000000d6300000,0x00000000d6300000,0x00000000d6400000)
 ParOldGen       total 187392K, used 187100K [0x0000000080000000, 0x000000008b700000, 0x00000000d5580000)
  object space 187392K, 99% used [0x0000000080000000,0x000000008b6b7068,0x000000008b700000)
 Metaspace       used 70343K, committed 72000K, reserved 1114112K
  class space    used 7356K, committed 8064K, reserved 1048576K
}
Event: 2826.855 GC heap before
{Heap before GC invocations=123 (full 3):
 PSYoungGen      total 13824K, used 13556K [0x00000000d5580000, 0x00000000d6400000, 0x0000000100000000)
  eden space 12800K, 100% used [0x00000000d5580000,0x00000000d6200000,0x00000000d6200000)
  from space 1024K, 73% used [0x00000000d6200000,0x00000000d62bd220,0x00000000d6300000)
  to   space 1024K, 0% used [0x00000000d6300000,0x00000000d6300000,0x00000000d6400000)
 ParOldGen       total 187392K, used 187100K [0x0000000080000000, 0x000000008b700000, 0x00000000d5580000)
  object space 187392K, 99% used [0x0000000080000000,0x000000008b6b7068,0x000000008b700000)
 Metaspace       used 70382K, committed 72064K, reserved 1114112K
  class space    used 7356K, committed 8064K, reserved 1048576K
}
Event: 2826.861 GC heap after
{Heap after GC invocations=123 (full 3):
 PSYoungGen      total 6144K, used 1018K [0x00000000d5580000, 0x00000000d7300000, 0x0000000100000000)
  eden space 5120K, 0% used [0x00000000d5580000,0x00000000d5580000,0x00000000d5a80000)
  from space 1024K, 99% used [0x00000000d6300000,0x00000000d63fea00,0x00000000d6400000)
  to   space 8704K, 0% used [0x00000000d5a80000,0x00000000d5a80000,0x00000000d6300000)
 ParOldGen       total 193536K, used 193468K [0x0000000080000000, 0x000000008bd00000, 0x00000000d5580000)
  object space 193536K, 99% used [0x0000000080000000,0x000000008bcef250,0x000000008bd00000)
 Metaspace       used 70382K, committed 72064K, reserved 1114112K
  class space    used 7356K, committed 8064K, reserved 1048576K
}
Event: 2826.919 GC heap before
{Heap before GC invocations=124 (full 3):
 PSYoungGen      total 6144K, used 6134K [0x00000000d5580000, 0x00000000d7300000, 0x0000000100000000)
  eden space 5120K, 99% used [0x00000000d5580000,0x00000000d5a7ee78,0x00000000d5a80000)
  from space 1024K, 99% used [0x00000000d6300000,0x00000000d63fea00,0x00000000d6400000)
  to   space 8704K, 0% used [0x00000000d5a80000,0x00000000d5a80000,0x00000000d6300000)
 ParOldGen       total 193536K, used 193468K [0x0000000080000000, 0x000000008bd00000, 0x00000000d5580000)
  object space 193536K, 99% used [0x0000000080000000,0x000000008bcef250,0x000000008bd00000)
 Metaspace       used 70391K, committed 72064K, reserved 1114112K
  class space    used 7356K, committed 8064K, reserved 1048576K
}
Event: 2826.924 GC heap after
{Heap after GC invocations=124 (full 3):
 PSYoungGen      total 6144K, used 864K [0x00000000d5580000, 0x00000000d6380000, 0x0000000100000000)
  eden space 5120K, 0% used [0x00000000d5580000,0x00000000d5580000,0x00000000d5a80000)
  from space 1024K, 84% used [0x00000000d5a80000,0x00000000d5b58000,0x00000000d5b80000)
  to   space 3584K, 0% used [0x00000000d6000000,0x00000000d6000000,0x00000000d6380000)
 ParOldGen       total 194048K, used 193596K [0x0000000080000000, 0x000000008bd80000, 0x00000000d5580000)
  object space 194048K, 99% used [0x0000000080000000,0x000000008bd0f250,0x000000008bd80000)
 Metaspace       used 70391K, committed 72064K, reserved 1114112K
  class space    used 7356K, committed 8064K, reserved 1048576K
}
Event: 2826.990 GC heap before
{Heap before GC invocations=125 (full 3):
 PSYoungGen      total 6144K, used 5984K [0x00000000d5580000, 0x00000000d6380000, 0x0000000100000000)
  eden space 5120K, 100% used [0x00000000d5580000,0x00000000d5a80000,0x00000000d5a80000)
  from space 1024K, 84% used [0x00000000d5a80000,0x00000000d5b58000,0x00000000d5b80000)
  to   space 3584K, 0% used [0x00000000d6000000,0x00000000d6000000,0x00000000d6380000)
 ParOldGen       total 194048K, used 193596K [0x0000000080000000, 0x000000008bd80000, 0x00000000d5580000)
  object space 194048K, 99% used [0x0000000080000000,0x000000008bd0f250,0x000000008bd80000)
 Metaspace       used 70399K, committed 72064K, reserved 1114112K
  class space    used 7356K, committed 8064K, reserved 1048576K
}
Event: 2826.993 GC heap after
{Heap after GC invocations=125 (full 3):
 PSYoungGen      total 6144K, used 624K [0x00000000d5580000, 0x00000000d6100000, 0x0000000100000000)
  eden space 5120K, 0% used [0x00000000d5580000,0x00000000d5580000,0x00000000d5a80000)
  from space 1024K, 60% used [0x00000000d6000000,0x00000000d609c010,0x00000000d6100000)
  to   space 1536K, 0% used [0x00000000d5e00000,0x00000000d5e00000,0x00000000d5f80000)
 ParOldGen       total 194560K, used 194364K [0x0000000080000000, 0x000000008be00000, 0x00000000d5580000)
  object space 194560K, 99% used [0x0000000080000000,0x000000008bdcf270,0x000000008be00000)
 Metaspace       used 70399K, committed 72064K, reserved 1114112K
  class space    used 7356K, committed 8064K, reserved 1048576K
}

